
-------------------------------------------------------------------------
   █████╗ ██████╗  ██████╗██╗  ██╗████████╗██╗████████╗██╗   ██╗███████╗
  ██╔══██╗██╔══██╗██╔════╝██║  ██║╚══██╔══╝██║╚══██╔══╝██║   ██║██╔════╝
  ███████║██████╔╝██║     ███████║   ██║   ██║   ██║   ██║   ██║███████╗
  ██╔══██║██╔══██╗██║     ██╔══██║   ██║   ██║   ██║   ██║   ██║╚════██║
  ██║  ██║██║  ██║╚██████╗██║  ██║   ██║   ██║   ██║   ╚██████╔╝███████║
  ╚═╝  ╚═╝╚═╝  ╚═╝ ╚═════╝╚═╝  ╚═╝   ╚═╝   ╚═╝   ╚═╝    ╚═════╝ ╚══════╝
-------------------------------------------------------------------------
                    Automated Arch Linux Installer
                        SCRIPTHOME: ArchTitus
-------------------------------------------------------------------------

Final Setup and Configurations
GRUB EFI Bootloader Install & Check
Installing for x86_64-efi platform.
Installation finished. No error reported.

-------------------------------------------------------------------------
               Creating (and Theming) Grub Boot Menu
-------------------------------------------------------------------------
Installing CyberRe Grub theme...
Creating the theme directory...
Copying the theme...
Backing up Grub config...
Setting the theme as the default...
Updating grub...
Generating grub configuration file ...
Found theme: /boot/grub/themes/CyberRe/theme.txt
Found linux image: /boot/vmlinuz-linux
Found initrd image: /boot/amd-ucode.img /boot/initramfs-linux.img
Found fallback initrd image(s) in /boot:  amd-ucode.img initramfs-linux-fallback.img
Warning: os-prober will not be executed to detect other bootable partitions.
Systems on them will not be added to the GRUB boot configuration.
Check GRUB_DISABLE_OS_PROBER documentation entry.
Adding boot menu entry for UEFI Firmware Settings ...
done
All set!

-------------------------------------------------------------------------
               Enabling (and Theming) Login Display Manager
-------------------------------------------------------------------------
Created symlink /etc/systemd/system/display-manager.service → /usr/lib/systemd/system/sddm.service.

-------------------------------------------------------------------------
                    Enabling Essential Services
-------------------------------------------------------------------------
Created symlink /etc/systemd/system/printer.target.wants/cups.service → /usr/lib/systemd/system/cups.service.
Created symlink /etc/systemd/system/multi-user.target.wants/cups.service → /usr/lib/systemd/system/cups.service.
Created symlink /etc/systemd/system/sockets.target.wants/cups.socket → /usr/lib/systemd/system/cups.socket.
Created symlink /etc/systemd/system/multi-user.target.wants/cups.path → /usr/lib/systemd/system/cups.path.
  Cups enabled
24 Jul 13:46:03 ntpd[301]: ntpd 4.2.8p15@1.3728-o Wed Jul  1 17:02:17 UTC 2020 (1): Starting
24 Jul 13:46:03 ntpd[301]: Command line: ntpd -qg
24 Jul 13:46:03 ntpd[301]: ----------------------------------------------------
24 Jul 13:46:03 ntpd[301]: ntp-4 is maintained by Network Time Foundation,
24 Jul 13:46:03 ntpd[301]: Inc. (NTF), a non-profit 501(c)(3) public-benefit
24 Jul 13:46:03 ntpd[301]: corporation.  Support and training for ntp-4 are
24 Jul 13:46:03 ntpd[301]: available at https://www.nwtime.org/support
24 Jul 13:46:03 ntpd[301]: ----------------------------------------------------
24 Jul 13:46:03 ntpd[301]: proto: precision = 0.031 usec (-25)
24 Jul 13:46:03 ntpd[301]: basedate set to 2020-06-19
24 Jul 13:46:03 ntpd[301]: gps base set to 2020-06-21 (week 2111)
24 Jul 13:46:03 ntpd[301]: Listen and drop on 0 v6wildcard [::]:123
24 Jul 13:46:03 ntpd[301]: Listen and drop on 1 v4wildcard 0.0.0.0:123
24 Jul 13:46:03 ntpd[301]: Listen normally on 2 lo 127.0.0.1:123
24 Jul 13:46:03 ntpd[301]: Listen normally on 3 enp5s0f4u2u4c2 192.168.1.5:123
24 Jul 13:46:03 ntpd[301]: Listen normally on 4 lo [::1]:123
24 Jul 13:46:03 ntpd[301]: Listen normally on 5 enp5s0f4u2u4c2 [fe80::d237:45ff:febe:e398%3]:123
24 Jul 13:46:03 ntpd[301]: Listening on routing socket on fd #22 for interface updates
24 Jul 13:46:11 ntpd[301]: ntpd: time slew -0.000224 s
ntpd: time slew -0.000224s
Created symlink /etc/systemd/system/multi-user.target.wants/ntpd.service → /usr/lib/systemd/system/ntpd.service.
  NTP enabled
Failed to disable unit, unit dhcpcd.service does not exist.
  DHCP disabled
Running in chroot, ignoring command 'stop'
  DHCP stopped
  NetworkManager enabled
Created symlink /etc/systemd/system/dbus-org.bluez.service → /usr/lib/systemd/system/bluetooth.service.
Created symlink /etc/systemd/system/bluetooth.target.wants/bluetooth.service → /usr/lib/systemd/system/bluetooth.service.
  Bluetooth enabled
Created symlink /etc/systemd/system/dbus-org.freedesktop.Avahi.service → /usr/lib/systemd/system/avahi-daemon.service.
Created symlink /etc/systemd/system/multi-user.target.wants/avahi-daemon.service → /usr/lib/systemd/system/avahi-daemon.service.
Created symlink /etc/systemd/system/sockets.target.wants/avahi-daemon.socket → /usr/lib/systemd/system/avahi-daemon.socket.
  Avahi enabled

-------------------------------------------------------------------------
               Enabling (and Theming) Plymouth Boot Splash
-------------------------------------------------------------------------
Installing Plymouth theme...
/root/ArchTitus/scripts/3-post-setup.sh: line 139: syntax error in conditional expression: unexpected token `;'
/root/ArchTitus/scripts/3-post-setup.sh: line 139: syntax error near `;'
/root/ArchTitus/scripts/3-post-setup.sh: line 139: `if  [[ $FS == "luks"]]; then'
